2014/03/15 21:16:38 [error] [php] file_put_contents(/Applications/XAMPP/xamppfiles/htdocs/studentloan/protected/runtime/gii-1.1.14/ControllerCode.php): failed to open stream: Permission denied (/Applications/XAMPP/xamppfiles/htdocs/studentloan/framework/gii/CCodeModel.php:388)
Stack trace:
#0 /Applications/XAMPP/xamppfiles/htdocs/studentloan/framework/gii/CCodeGenerator.php(63): ControllerGenerator->prepare()
#1 /Applications/XAMPP/xamppfiles/htdocs/studentloan/framework/web/actions/CInlineAction.php(49): ControllerGenerator->actionIndex()
#2 /Applications/XAMPP/xamppfiles/htdocs/studentloan/framework/web/CController.php(308): CInlineAction->runWithParams()
#3 /Applications/XAMPP/xamppfiles/htdocs/studentloan/framework/web/CController.php(286): ControllerGenerator->runAction()
#4 /Applications/XAMPP/xamppfiles/htdocs/studentloan/framework/web/CController.php(265): ControllerGenerator->runActionWithFilters()
#5 /Applications/XAMPP/xamppfiles/htdocs/studentloan/framework/web/CWebApplication.php(282): ControllerGenerator->run()
#6 /Applications/XAMPP/xamppfiles/htdocs/studentloan/framework/web/CWebApplication.php(141): CWebApplication->runController()
#7 /Applications/XAMPP/xamppfiles/htdocs/studentloan/framework/base/CApplication.php(180): CWebApplication->processRequest()
#8 /Applications/XAMPP/xamppfiles/htdocs/studentloan/index.php(13): CWebApplication->run()
REQUEST_URI=/studentloan/index.php?r=gii/controller/index
in /Applications/XAMPP/xamppfiles/htdocs/studentloan/index.php (13)
2014/03/15 21:16:57 [error] [php] file_put_contents(/Applications/XAMPP/xamppfiles/htdocs/studentloan/protected/runtime/gii-1.1.14/ControllerCode.php): failed to open stream: Permission denied (/Applications/XAMPP/xamppfiles/htdocs/studentloan/framework/gii/CCodeModel.php:388)
Stack trace:
#0 /Applications/XAMPP/xamppfiles/htdocs/studentloan/framework/gii/CCodeGenerator.php(63): ControllerGenerator->prepare()
#1 /Applications/XAMPP/xamppfiles/htdocs/studentloan/framework/web/actions/CInlineAction.php(49): ControllerGenerator->actionIndex()
#2 /Applications/XAMPP/xamppfiles/htdocs/studentloan/framework/web/CController.php(308): CInlineAction->runWithParams()
#3 /Applications/XAMPP/xamppfiles/htdocs/studentloan/framework/web/CController.php(286): ControllerGenerator->runAction()
#4 /Applications/XAMPP/xamppfiles/htdocs/studentloan/framework/web/CController.php(265): ControllerGenerator->runActionWithFilters()
#5 /Applications/XAMPP/xamppfiles/htdocs/studentloan/framework/web/CWebApplication.php(282): ControllerGenerator->run()
#6 /Applications/XAMPP/xamppfiles/htdocs/studentloan/framework/web/CWebApplication.php(141): CWebApplication->runController()
#7 /Applications/XAMPP/xamppfiles/htdocs/studentloan/framework/base/CApplication.php(180): CWebApplication->processRequest()
#8 /Applications/XAMPP/xamppfiles/htdocs/studentloan/index.php(13): CWebApplication->run()
REQUEST_URI=/studentloan/index.php?r=gii/controller/index
in /Applications/XAMPP/xamppfiles/htdocs/studentloan/index.php (13)
2014/03/15 21:17:24 [error] [php] file_put_contents(/Applications/XAMPP/xamppfiles/htdocs/studentloan/protected/runtime/gii-1.1.14/ControllerCode.php): failed to open stream: Permission denied (/Applications/XAMPP/xamppfiles/htdocs/studentloan/framework/gii/CCodeModel.php:388)
Stack trace:
#0 /Applications/XAMPP/xamppfiles/htdocs/studentloan/framework/gii/CCodeGenerator.php(63): ControllerGenerator->prepare()
#1 /Applications/XAMPP/xamppfiles/htdocs/studentloan/framework/web/actions/CInlineAction.php(49): ControllerGenerator->actionIndex()
#2 /Applications/XAMPP/xamppfiles/htdocs/studentloan/framework/web/CController.php(308): CInlineAction->runWithParams()
#3 /Applications/XAMPP/xamppfiles/htdocs/studentloan/framework/web/CController.php(286): ControllerGenerator->runAction()
#4 /Applications/XAMPP/xamppfiles/htdocs/studentloan/framework/web/CController.php(265): ControllerGenerator->runActionWithFilters()
#5 /Applications/XAMPP/xamppfiles/htdocs/studentloan/framework/web/CWebApplication.php(282): ControllerGenerator->run()
#6 /Applications/XAMPP/xamppfiles/htdocs/studentloan/framework/web/CWebApplication.php(141): CWebApplication->runController()
#7 /Applications/XAMPP/xamppfiles/htdocs/studentloan/framework/base/CApplication.php(180): CWebApplication->processRequest()
#8 /Applications/XAMPP/xamppfiles/htdocs/studentloan/index.php(13): CWebApplication->run()
REQUEST_URI=/studentloan/index.php?r=gii/controller/index
in /Applications/XAMPP/xamppfiles/htdocs/studentloan/index.php (13)
2014/03/15 21:17:45 [error] [php] file_put_contents(/Applications/XAMPP/xamppfiles/htdocs/studentloan/protected/runtime/gii-1.1.14/ControllerCode.php): failed to open stream: Permission denied (/Applications/XAMPP/xamppfiles/htdocs/studentloan/framework/gii/CCodeModel.php:388)
Stack trace:
#0 /Applications/XAMPP/xamppfiles/htdocs/studentloan/framework/gii/CCodeGenerator.php(63): ControllerGenerator->prepare()
#1 /Applications/XAMPP/xamppfiles/htdocs/studentloan/framework/web/actions/CInlineAction.php(49): ControllerGenerator->actionIndex()
#2 /Applications/XAMPP/xamppfiles/htdocs/studentloan/framework/web/CController.php(308): CInlineAction->runWithParams()
#3 /Applications/XAMPP/xamppfiles/htdocs/studentloan/framework/web/CController.php(286): ControllerGenerator->runAction()
#4 /Applications/XAMPP/xamppfiles/htdocs/studentloan/framework/web/CController.php(265): ControllerGenerator->runActionWithFilters()
#5 /Applications/XAMPP/xamppfiles/htdocs/studentloan/framework/web/CWebApplication.php(282): ControllerGenerator->run()
#6 /Applications/XAMPP/xamppfiles/htdocs/studentloan/framework/web/CWebApplication.php(141): CWebApplication->runController()
#7 /Applications/XAMPP/xamppfiles/htdocs/studentloan/framework/base/CApplication.php(180): CWebApplication->processRequest()
#8 /Applications/XAMPP/xamppfiles/htdocs/studentloan/index.php(13): CWebApplication->run()
REQUEST_URI=/studentloan/index.php?r=gii/controller/index
in /Applications/XAMPP/xamppfiles/htdocs/studentloan/index.php (13)
2014/03/15 21:20:12 [error] [php] file_put_contents(/Applications/XAMPP/xamppfiles/htdocs/studentloan/protected/runtime/gii-1.1.14/ControllerCode.php): failed to open stream: Permission denied (/Applications/XAMPP/xamppfiles/htdocs/studentloan/framework/gii/CCodeModel.php:388)
Stack trace:
#0 /Applications/XAMPP/xamppfiles/htdocs/studentloan/framework/gii/CCodeGenerator.php(63): ControllerGenerator->prepare()
#1 /Applications/XAMPP/xamppfiles/htdocs/studentloan/framework/web/actions/CInlineAction.php(49): ControllerGenerator->actionIndex()
#2 /Applications/XAMPP/xamppfiles/htdocs/studentloan/framework/web/CController.php(308): CInlineAction->runWithParams()
#3 /Applications/XAMPP/xamppfiles/htdocs/studentloan/framework/web/CController.php(286): ControllerGenerator->runAction()
#4 /Applications/XAMPP/xamppfiles/htdocs/studentloan/framework/web/CController.php(265): ControllerGenerator->runActionWithFilters()
#5 /Applications/XAMPP/xamppfiles/htdocs/studentloan/framework/web/CWebApplication.php(282): ControllerGenerator->run()
#6 /Applications/XAMPP/xamppfiles/htdocs/studentloan/framework/web/CWebApplication.php(141): CWebApplication->runController()
#7 /Applications/XAMPP/xamppfiles/htdocs/studentloan/framework/base/CApplication.php(180): CWebApplication->processRequest()
#8 /Applications/XAMPP/xamppfiles/htdocs/studentloan/index.php(13): CWebApplication->run()
REQUEST_URI=/studentloan/index.php?r=gii/controller/index
in /Applications/XAMPP/xamppfiles/htdocs/studentloan/index.php (13)
2014/03/15 21:20:25 [error] [php] file_put_contents(/Applications/XAMPP/xamppfiles/htdocs/studentloan/protected/runtime/gii-1.1.14/ControllerCode.php): failed to open stream: Permission denied (/Applications/XAMPP/xamppfiles/htdocs/studentloan/framework/gii/CCodeModel.php:388)
Stack trace:
#0 /Applications/XAMPP/xamppfiles/htdocs/studentloan/framework/gii/CCodeGenerator.php(63): ControllerGenerator->prepare()
#1 /Applications/XAMPP/xamppfiles/htdocs/studentloan/framework/web/actions/CInlineAction.php(49): ControllerGenerator->actionIndex()
#2 /Applications/XAMPP/xamppfiles/htdocs/studentloan/framework/web/CController.php(308): CInlineAction->runWithParams()
#3 /Applications/XAMPP/xamppfiles/htdocs/studentloan/framework/web/CController.php(286): ControllerGenerator->runAction()
#4 /Applications/XAMPP/xamppfiles/htdocs/studentloan/framework/web/CController.php(265): ControllerGenerator->runActionWithFilters()
#5 /Applications/XAMPP/xamppfiles/htdocs/studentloan/framework/web/CWebApplication.php(282): ControllerGenerator->run()
#6 /Applications/XAMPP/xamppfiles/htdocs/studentloan/framework/web/CWebApplication.php(141): CWebApplication->runController()
#7 /Applications/XAMPP/xamppfiles/htdocs/studentloan/framework/base/CApplication.php(180): CWebApplication->processRequest()
#8 /Applications/XAMPP/xamppfiles/htdocs/studentloan/index.php(13): CWebApplication->run()
REQUEST_URI=/studentloan/index.php?r=gii/controller/index
in /Applications/XAMPP/xamppfiles/htdocs/studentloan/index.php (13)
2014/03/15 21:25:19 [error] [php] file_put_contents(/Applications/XAMPP/xamppfiles/htdocs/studentloan/protected/runtime/gii-1.1.14/ControllerCode.php): failed to open stream: Permission denied (/Applications/XAMPP/xamppfiles/htdocs/studentloan/framework/gii/CCodeModel.php:388)
Stack trace:
#0 /Applications/XAMPP/xamppfiles/htdocs/studentloan/framework/gii/CCodeGenerator.php(63): ControllerGenerator->prepare()
#1 /Applications/XAMPP/xamppfiles/htdocs/studentloan/framework/web/actions/CInlineAction.php(49): ControllerGenerator->actionIndex()
#2 /Applications/XAMPP/xamppfiles/htdocs/studentloan/framework/web/CController.php(308): CInlineAction->runWithParams()
#3 /Applications/XAMPP/xamppfiles/htdocs/studentloan/framework/web/CController.php(286): ControllerGenerator->runAction()
#4 /Applications/XAMPP/xamppfiles/htdocs/studentloan/framework/web/CController.php(265): ControllerGenerator->runActionWithFilters()
#5 /Applications/XAMPP/xamppfiles/htdocs/studentloan/framework/web/CWebApplication.php(282): ControllerGenerator->run()
#6 /Applications/XAMPP/xamppfiles/htdocs/studentloan/framework/web/CWebApplication.php(141): CWebApplication->runController()
#7 /Applications/XAMPP/xamppfiles/htdocs/studentloan/framework/base/CApplication.php(180): CWebApplication->processRequest()
#8 /Applications/XAMPP/xamppfiles/htdocs/studentloan/index.php(13): CWebApplication->run()
REQUEST_URI=/studentloan/index.php?r=gii/controller/index
in /Applications/XAMPP/xamppfiles/htdocs/studentloan/index.php (13)
2014/03/15 21:25:30 [error] [php] file_put_contents(/Applications/XAMPP/xamppfiles/htdocs/studentloan/protected/runtime/gii-1.1.14/ControllerCode.php): failed to open stream: Permission denied (/Applications/XAMPP/xamppfiles/htdocs/studentloan/framework/gii/CCodeModel.php:388)
Stack trace:
#0 /Applications/XAMPP/xamppfiles/htdocs/studentloan/framework/gii/CCodeGenerator.php(63): ControllerGenerator->prepare()
#1 /Applications/XAMPP/xamppfiles/htdocs/studentloan/framework/web/actions/CInlineAction.php(49): ControllerGenerator->actionIndex()
#2 /Applications/XAMPP/xamppfiles/htdocs/studentloan/framework/web/CController.php(308): CInlineAction->runWithParams()
#3 /Applications/XAMPP/xamppfiles/htdocs/studentloan/framework/web/CController.php(286): ControllerGenerator->runAction()
#4 /Applications/XAMPP/xamppfiles/htdocs/studentloan/framework/web/CController.php(265): ControllerGenerator->runActionWithFilters()
#5 /Applications/XAMPP/xamppfiles/htdocs/studentloan/framework/web/CWebApplication.php(282): ControllerGenerator->run()
#6 /Applications/XAMPP/xamppfiles/htdocs/studentloan/framework/web/CWebApplication.php(141): CWebApplication->runController()
#7 /Applications/XAMPP/xamppfiles/htdocs/studentloan/framework/base/CApplication.php(180): CWebApplication->processRequest()
#8 /Applications/XAMPP/xamppfiles/htdocs/studentloan/index.php(13): CWebApplication->run()
REQUEST_URI=/studentloan/index.php?r=gii/controller/index
in /Applications/XAMPP/xamppfiles/htdocs/studentloan/index.php (13)
2014/03/15 21:37:21 [error] [php] file_put_contents(/Applications/XAMPP/xamppfiles/htdocs/studentloan/protected/runtime/gii-1.1.14/ControllerCode.php): failed to open stream: Permission denied (/Applications/XAMPP/xamppfiles/htdocs/studentloan/framework/gii/CCodeModel.php:388)
Stack trace:
#0 /Applications/XAMPP/xamppfiles/htdocs/studentloan/framework/gii/CCodeGenerator.php(63): ControllerGenerator->prepare()
#1 /Applications/XAMPP/xamppfiles/htdocs/studentloan/framework/web/actions/CInlineAction.php(49): ControllerGenerator->actionIndex()
#2 /Applications/XAMPP/xamppfiles/htdocs/studentloan/framework/web/CController.php(308): CInlineAction->runWithParams()
#3 /Applications/XAMPP/xamppfiles/htdocs/studentloan/framework/web/CController.php(286): ControllerGenerator->runAction()
#4 /Applications/XAMPP/xamppfiles/htdocs/studentloan/framework/web/CController.php(265): ControllerGenerator->runActionWithFilters()
#5 /Applications/XAMPP/xamppfiles/htdocs/studentloan/framework/web/CWebApplication.php(282): ControllerGenerator->run()
#6 /Applications/XAMPP/xamppfiles/htdocs/studentloan/framework/web/CWebApplication.php(141): CWebApplication->runController()
#7 /Applications/XAMPP/xamppfiles/htdocs/studentloan/framework/base/CApplication.php(180): CWebApplication->processRequest()
#8 /Applications/XAMPP/xamppfiles/htdocs/studentloan/index.php(13): CWebApplication->run()
REQUEST_URI=/studentloan/index.php?r=gii/controller/index
in /Applications/XAMPP/xamppfiles/htdocs/studentloan/index.php (13)
2014/03/15 21:37:37 [error] [php] file_put_contents(/Applications/XAMPP/xamppfiles/htdocs/studentloan/protected/runtime/gii-1.1.14/ControllerCode.php): failed to open stream: Permission denied (/Applications/XAMPP/xamppfiles/htdocs/studentloan/framework/gii/CCodeModel.php:388)
Stack trace:
#0 /Applications/XAMPP/xamppfiles/htdocs/studentloan/framework/gii/CCodeGenerator.php(63): ControllerGenerator->prepare()
#1 /Applications/XAMPP/xamppfiles/htdocs/studentloan/framework/web/actions/CInlineAction.php(49): ControllerGenerator->actionIndex()
#2 /Applications/XAMPP/xamppfiles/htdocs/studentloan/framework/web/CController.php(308): CInlineAction->runWithParams()
#3 /Applications/XAMPP/xamppfiles/htdocs/studentloan/framework/web/CController.php(286): ControllerGenerator->runAction()
#4 /Applications/XAMPP/xamppfiles/htdocs/studentloan/framework/web/CController.php(265): ControllerGenerator->runActionWithFilters()
#5 /Applications/XAMPP/xamppfiles/htdocs/studentloan/framework/web/CWebApplication.php(282): ControllerGenerator->run()
#6 /Applications/XAMPP/xamppfiles/htdocs/studentloan/framework/web/CWebApplication.php(141): CWebApplication->runController()
#7 /Applications/XAMPP/xamppfiles/htdocs/studentloan/framework/base/CApplication.php(180): CWebApplication->processRequest()
#8 /Applications/XAMPP/xamppfiles/htdocs/studentloan/index.php(13): CWebApplication->run()
REQUEST_URI=/studentloan/index.php?r=gii/controller/index
in /Applications/XAMPP/xamppfiles/htdocs/studentloan/index.php (13)
2014/03/15 21:44:54 [error] [php] file_put_contents(/Applications/XAMPP/xamppfiles/htdocs/studentloan/protected/runtime/gii-1.1.14/ControllerCode.php): failed to open stream: Permission denied (/Applications/XAMPP/xamppfiles/htdocs/studentloan/framework/gii/CCodeModel.php:388)
Stack trace:
#0 /Applications/XAMPP/xamppfiles/htdocs/studentloan/framework/gii/CCodeGenerator.php(63): ControllerGenerator->prepare()
#1 /Applications/XAMPP/xamppfiles/htdocs/studentloan/framework/web/actions/CInlineAction.php(49): ControllerGenerator->actionIndex()
#2 /Applications/XAMPP/xamppfiles/htdocs/studentloan/framework/web/CController.php(308): CInlineAction->runWithParams()
#3 /Applications/XAMPP/xamppfiles/htdocs/studentloan/framework/web/CController.php(286): ControllerGenerator->runAction()
#4 /Applications/XAMPP/xamppfiles/htdocs/studentloan/framework/web/CController.php(265): ControllerGenerator->runActionWithFilters()
#5 /Applications/XAMPP/xamppfiles/htdocs/studentloan/framework/web/CWebApplication.php(282): ControllerGenerator->run()
#6 /Applications/XAMPP/xamppfiles/htdocs/studentloan/framework/web/CWebApplication.php(141): CWebApplication->runController()
#7 /Applications/XAMPP/xamppfiles/htdocs/studentloan/framework/base/CApplication.php(180): CWebApplication->processRequest()
#8 /Applications/XAMPP/xamppfiles/htdocs/studentloan/index.php(13): CWebApplication->run()
REQUEST_URI=/studentloan/index.php?r=gii/controller/index
in /Applications/XAMPP/xamppfiles/htdocs/studentloan/index.php (13)
